2020-04-21 21:10:38.090567: W tensorflow/stream_executor/platform/default/dso_loader.cc:55] Could not load dynamic library 'libnvinfer.so.6'; dlerror: libnvinfer.so.6: cannot open shared object file: No such file or directory
2020-04-21 21:10:38.090879: W tensorflow/stream_executor/platform/default/dso_loader.cc:55] Could not load dynamic library 'libnvinfer_plugin.so.6'; dlerror: libnvinfer_plugin.so.6: cannot open shared object file: No such file or directory
2020-04-21 21:10:38.091000: W tensorflow/compiler/tf2tensorrt/utils/py_utils.cc:30] Cannot dlopen some TensorRT libraries. If you would like to use Nvidia GPU with TensorRT, please make sure the missing libraries mentioned above are installed properly.
2020-04-21 21:10:39.248790: W tensorflow/stream_executor/platform/default/dso_loader.cc:55] Could not load dynamic library 'libcuda.so.1'; dlerror: libcuda.so.1: cannot open shared object file: No such file or directory
2020-04-21 21:10:39.249130: E tensorflow/stream_executor/cuda/cuda_driver.cc:351] failed call to cuInit: UNKNOWN ERROR (303)
2020-04-21 21:10:39.249233: I tensorflow/stream_executor/cuda/cuda_diagnostics.cc:156] kernel driver does not appear to be running on this host (XurisWorkStation): /proc/driver/nvidia/version does not exist
2020-04-21 21:10:39.277920: I tensorflow/core/platform/profile_utils/cpu_utils.cc:94] CPU Frequency: 2594040000 Hz
2020-04-21 21:10:39.278895: I tensorflow/compiler/xla/service/service.cc:168] XLA service 0x487c700 initialized for platform Host (this does not guarantee that XLA will be used). Devices:
2020-04-21 21:10:39.279146: I tensorflow/compiler/xla/service/service.cc:176]   StreamExecutor device (0): Host, Default Version
comment_filtering_service.py
dependencies.txt
deploy.sh
Dockerfile
model.h5
nlp_test.py
nohup.out
readme.txt
toxic_filter.py
train.csv
Using TensorFlow backend.
 * Running on http://0.0.0.0:5000/ (Press CTRL+C to quit)
 * Restarting with stat
2020-04-21 21:10:42.670134: W tensorflow/stream_executor/platform/default/dso_loader.cc:55] Could not load dynamic library 'libnvinfer.so.6'; dlerror: libnvinfer.so.6: cannot open shared object file: No such file or directory
2020-04-21 21:10:42.670540: W tensorflow/stream_executor/platform/default/dso_loader.cc:55] Could not load dynamic library 'libnvinfer_plugin.so.6'; dlerror: libnvinfer_plugin.so.6: cannot open shared object file: No such file or directory
2020-04-21 21:10:42.670690: W tensorflow/compiler/tf2tensorrt/utils/py_utils.cc:30] Cannot dlopen some TensorRT libraries. If you would like to use Nvidia GPU with TensorRT, please make sure the missing libraries mentioned above are installed properly.
2020-04-21 21:10:43.859871: W tensorflow/stream_executor/platform/default/dso_loader.cc:55] Could not load dynamic library 'libcuda.so.1'; dlerror: libcuda.so.1: cannot open shared object file: No such file or directory
2020-04-21 21:10:43.860046: E tensorflow/stream_executor/cuda/cuda_driver.cc:351] failed call to cuInit: UNKNOWN ERROR (303)
2020-04-21 21:10:43.860130: I tensorflow/stream_executor/cuda/cuda_diagnostics.cc:156] kernel driver does not appear to be running on this host (XurisWorkStation): /proc/driver/nvidia/version does not exist
2020-04-21 21:10:43.886043: I tensorflow/core/platform/profile_utils/cpu_utils.cc:94] CPU Frequency: 2594040000 Hz
2020-04-21 21:10:43.887034: I tensorflow/compiler/xla/service/service.cc:168] XLA service 0x4440580 initialized for platform Host (this does not guarantee that XLA will be used). Devices:
2020-04-21 21:10:43.887302: I tensorflow/compiler/xla/service/service.cc:176]   StreamExecutor device (0): Host, Default Version
comment_filtering_service.py
dependencies.txt
deploy.sh
Dockerfile
model.h5
nlp_test.py
nohup.out
readme.txt
toxic_filter.py
train.csv
Using TensorFlow backend.
 * Debugger is active!
 * Debugger PIN: 298-926-494
172.220.7.76 - - [21/Apr/2020 21:11:02] "[37mPOST / HTTP/1.1[0m" 200 -
---------------------------------
/media/dlshle/SSD/Java/BusinessService/Toxic-comment-filter-
<tensorflow.python.keras.engine.sequential.Sequential object at 0x7f98a882dd68>
---------------------------------
2020-04-21 21:13:44.617668: W tensorflow/stream_executor/platform/default/dso_loader.cc:55] Could not load dynamic library 'libnvinfer.so.6'; dlerror: libnvinfer.so.6: cannot open shared object file: No such file or directory
2020-04-21 21:13:44.618094: W tensorflow/stream_executor/platform/default/dso_loader.cc:55] Could not load dynamic library 'libnvinfer_plugin.so.6'; dlerror: libnvinfer_plugin.so.6: cannot open shared object file: No such file or directory
2020-04-21 21:13:44.618248: W tensorflow/compiler/tf2tensorrt/utils/py_utils.cc:30] Cannot dlopen some TensorRT libraries. If you would like to use Nvidia GPU with TensorRT, please make sure the missing libraries mentioned above are installed properly.
2020-04-21 21:13:45.907145: W tensorflow/stream_executor/platform/default/dso_loader.cc:55] Could not load dynamic library 'libcuda.so.1'; dlerror: libcuda.so.1: cannot open shared object file: No such file or directory
2020-04-21 21:13:45.907323: E tensorflow/stream_executor/cuda/cuda_driver.cc:351] failed call to cuInit: UNKNOWN ERROR (303)
2020-04-21 21:13:45.907404: I tensorflow/stream_executor/cuda/cuda_diagnostics.cc:156] kernel driver does not appear to be running on this host (XurisWorkStation): /proc/driver/nvidia/version does not exist
2020-04-21 21:13:45.933701: I tensorflow/core/platform/profile_utils/cpu_utils.cc:94] CPU Frequency: 2594040000 Hz
2020-04-21 21:13:45.934322: I tensorflow/compiler/xla/service/service.cc:168] XLA service 0x4260760 initialized for platform Host (this does not guarantee that XLA will be used). Devices:
2020-04-21 21:13:45.934556: I tensorflow/compiler/xla/service/service.cc:176]   StreamExecutor device (0): Host, Default Version
comment_filtering_service.py
dependencies.txt
deploy.sh
Dockerfile
model.h5
nlp_test.py
nohup.out
readme.txt
toxic_filter.py
train.csv
Using TensorFlow backend.
 * Running on http://0.0.0.0:5000/ (Press CTRL+C to quit)
 * Restarting with stat
2020-04-21 21:13:49.327924: W tensorflow/stream_executor/platform/default/dso_loader.cc:55] Could not load dynamic library 'libnvinfer.so.6'; dlerror: libnvinfer.so.6: cannot open shared object file: No such file or directory
2020-04-21 21:13:49.328185: W tensorflow/stream_executor/platform/default/dso_loader.cc:55] Could not load dynamic library 'libnvinfer_plugin.so.6'; dlerror: libnvinfer_plugin.so.6: cannot open shared object file: No such file or directory
2020-04-21 21:13:49.328264: W tensorflow/compiler/tf2tensorrt/utils/py_utils.cc:30] Cannot dlopen some TensorRT libraries. If you would like to use Nvidia GPU with TensorRT, please make sure the missing libraries mentioned above are installed properly.
2020-04-21 21:13:50.541552: W tensorflow/stream_executor/platform/default/dso_loader.cc:55] Could not load dynamic library 'libcuda.so.1'; dlerror: libcuda.so.1: cannot open shared object file: No such file or directory
2020-04-21 21:13:50.541763: E tensorflow/stream_executor/cuda/cuda_driver.cc:351] failed call to cuInit: UNKNOWN ERROR (303)
2020-04-21 21:13:50.541956: I tensorflow/stream_executor/cuda/cuda_diagnostics.cc:156] kernel driver does not appear to be running on this host (XurisWorkStation): /proc/driver/nvidia/version does not exist
2020-04-21 21:13:50.565817: I tensorflow/core/platform/profile_utils/cpu_utils.cc:94] CPU Frequency: 2594040000 Hz
2020-04-21 21:13:50.566813: I tensorflow/compiler/xla/service/service.cc:168] XLA service 0x59b7630 initialized for platform Host (this does not guarantee that XLA will be used). Devices:
2020-04-21 21:13:50.566975: I tensorflow/compiler/xla/service/service.cc:176]   StreamExecutor device (0): Host, Default Version
comment_filtering_service.py
dependencies.txt
deploy.sh
Dockerfile
model.h5
nlp_test.py
nohup.out
readme.txt
toxic_filter.py
train.csv
Using TensorFlow backend.
 * Debugger is active!
 * Debugger PIN: 298-926-494
172.220.7.76 - - [21/Apr/2020 21:14:07] "[37mPOST / HTTP/1.1[0m" 200 -
172.220.7.76 - - [21/Apr/2020 21:14:53] "[37mPOST / HTTP/1.1[0m" 200 -
2020-04-21 21:32:09.782405: W tensorflow/stream_executor/platform/default/dso_loader.cc:55] Could not load dynamic library 'libnvinfer.so.6'; dlerror: libnvinfer.so.6: cannot open shared object file: No such file or directory
2020-04-21 21:32:09.782763: W tensorflow/stream_executor/platform/default/dso_loader.cc:55] Could not load dynamic library 'libnvinfer_plugin.so.6'; dlerror: libnvinfer_plugin.so.6: cannot open shared object file: No such file or directory
2020-04-21 21:32:09.782846: W tensorflow/compiler/tf2tensorrt/utils/py_utils.cc:30] Cannot dlopen some TensorRT libraries. If you would like to use Nvidia GPU with TensorRT, please make sure the missing libraries mentioned above are installed properly.
2020-04-21 21:32:10.909352: W tensorflow/stream_executor/platform/default/dso_loader.cc:55] Could not load dynamic library 'libcuda.so.1'; dlerror: libcuda.so.1: cannot open shared object file: No such file or directory
2020-04-21 21:32:10.909576: E tensorflow/stream_executor/cuda/cuda_driver.cc:351] failed call to cuInit: UNKNOWN ERROR (303)
2020-04-21 21:32:10.909673: I tensorflow/stream_executor/cuda/cuda_diagnostics.cc:156] kernel driver does not appear to be running on this host (XurisWorkStation): /proc/driver/nvidia/version does not exist
2020-04-21 21:32:10.933787: I tensorflow/core/platform/profile_utils/cpu_utils.cc:94] CPU Frequency: 2594040000 Hz
2020-04-21 21:32:10.934676: I tensorflow/compiler/xla/service/service.cc:168] XLA service 0x54d1300 initialized for platform Host (this does not guarantee that XLA will be used). Devices:
2020-04-21 21:32:10.934868: I tensorflow/compiler/xla/service/service.cc:176]   StreamExecutor device (0): Host, Default Version
comment_filtering_service.py
dependencies.txt
deploy.sh
Dockerfile
model.h5
nlp_test.py
nohup.out
readme.txt
toxic_filter.py
train.csv
Using TensorFlow backend.
 * Running on http://0.0.0.0:5000/ (Press CTRL+C to quit)
 * Restarting with stat
2020-04-21 21:32:14.522829: W tensorflow/stream_executor/platform/default/dso_loader.cc:55] Could not load dynamic library 'libnvinfer.so.6'; dlerror: libnvinfer.so.6: cannot open shared object file: No such file or directory
2020-04-21 21:32:14.523123: W tensorflow/stream_executor/platform/default/dso_loader.cc:55] Could not load dynamic library 'libnvinfer_plugin.so.6'; dlerror: libnvinfer_plugin.so.6: cannot open shared object file: No such file or directory
2020-04-21 21:32:14.523202: W tensorflow/compiler/tf2tensorrt/utils/py_utils.cc:30] Cannot dlopen some TensorRT libraries. If you would like to use Nvidia GPU with TensorRT, please make sure the missing libraries mentioned above are installed properly.
2020-04-21 21:32:15.623009: W tensorflow/stream_executor/platform/default/dso_loader.cc:55] Could not load dynamic library 'libcuda.so.1'; dlerror: libcuda.so.1: cannot open shared object file: No such file or directory
2020-04-21 21:32:15.623193: E tensorflow/stream_executor/cuda/cuda_driver.cc:351] failed call to cuInit: UNKNOWN ERROR (303)
2020-04-21 21:32:15.623288: I tensorflow/stream_executor/cuda/cuda_diagnostics.cc:156] kernel driver does not appear to be running on this host (XurisWorkStation): /proc/driver/nvidia/version does not exist
2020-04-21 21:32:15.649764: I tensorflow/core/platform/profile_utils/cpu_utils.cc:94] CPU Frequency: 2594040000 Hz
2020-04-21 21:32:15.650358: I tensorflow/compiler/xla/service/service.cc:168] XLA service 0x5334610 initialized for platform Host (this does not guarantee that XLA will be used). Devices:
2020-04-21 21:32:15.650460: I tensorflow/compiler/xla/service/service.cc:176]   StreamExecutor device (0): Host, Default Version
comment_filtering_service.py
dependencies.txt
deploy.sh
Dockerfile
model.h5
nlp_test.py
nohup.out
readme.txt
toxic_filter.py
train.csv
Using TensorFlow backend.
 * Debugger is active!
 * Debugger PIN: 298-926-494
71.90.103.133 - - [21/Apr/2020 21:39:25] "[37mPOST / HTTP/1.1[0m" 200 -
71.90.103.133 - - [21/Apr/2020 21:40:38] "[37mPOST / HTTP/1.1[0m" 200 -
71.90.103.133 - - [21/Apr/2020 21:41:16] "[37mPOST / HTTP/1.1[0m" 200 -
172.220.7.76 - - [21/Apr/2020 21:41:30] "[37mPOST / HTTP/1.1[0m" 200 -
